
> sanju.sh@0.0.1 build
> astro check && astro build

11:46:47 [WARN] [@astrojs/cloudflare] The current configuration does not support image optimization. To allow your project to build with the original, unoptimized images, the image service has been automatically switched to the 'noop' option. See https://docs.astro.build/en/reference/configuration-reference/#imageservice
11:46:48 [types] Generated 122ms
11:46:48 [check] Getting diagnostics for Astro files in /Users/kmantri/Local Machine/Keerthi-vadina/sanju.sh-main...
[96msrc/components/cards/index.ts[0m:[93m2[0m:[93m40[0m - [91merror[0m[90m ts(2307): [0mCannot find module './writing-item.astro' or its corresponding type declarations.

[7m2[0m export { default as WritingItem } from "./writing-item.astro";
[7m [0m [91m                                       ~~~~~~~~~~~~~~~~~~~~~~[0m

[96msrc/components/cta/end-cta.astro[0m:[93m12[0m:[93m38[0m - [93mwarning[0m[90m ts(6133): [0m'xHandle' is declared but its value is never read.

[7m12[0m const { title, cta_label, bg_colour, xHandle, link }: Props = Astro.props;
[7m  [0m [93m                                     ~~~~~~~[0m

[96msrc/components/seo/base-head.astro[0m:[93m29[0m:[93m7[0m - [93mwarning[0m[90m ts(6133): [0m'fullTitle' is declared but its value is never read.

[7m29[0m const fullTitle = isHome ? title : `${title} | Keerthi Kovuru`;
[7m  [0m [93m      ~~~~~~~~~[0m
[96msrc/components/seo/base-head.astro[0m:[93m24[0m:[93m2[0m - [93mwarning[0m[90m ts(6133): [0m'author' is declared but its value is never read.

[7m24[0m  author = "Keerthi Kovuru",
[7m  [0m [93m ~~~~~~[0m
[96msrc/components/seo/base-head.astro[0m:[93m3[0m:[93m22[0m - [93mwarning[0m[90m ts(6133): [0m'TWITTER_HANDLE' is declared but its value is never read.

[7m3[0m import { SITE_TITLE, TWITTER_HANDLE } from "@data/index";
[7m [0m [93m                     ~~~~~~~~~~~~~~[0m
[96msrc/components/seo/base-head.astro[0m:[93m55[0m:[93m4[0m - [93mwarning[0m[90m astro(4000): [0mThis script will be treated as if it has the `is:inline` directive because it contains an attribute. Therefore, features that require processing (e.g. using TypeScript or npm packages in the script) are unavailable.

See docs for more details: https://docs.astro.build/en/guides/client-side-scripts/#script-processing.

Add the `is:inline` directive explicitly to silence this hint.

[7m55[0m    type="application/ld+json"
[7m  [0m [93m   ~~~~[0m
[96msrc/components/seo/base-head.astro[0m:[93m35[0m:[93m4[0m - [93mwarning[0m[90m astro(4000): [0mThis script will be treated as if it has the `is:inline` directive because it contains an attribute. Therefore, features that require processing (e.g. using TypeScript or npm packages in the script) are unavailable.

See docs for more details: https://docs.astro.build/en/guides/client-side-scripts/#script-processing.

Add the `is:inline` directive explicitly to silence this hint.

[7m35[0m    type="application/ld+json"
[7m  [0m [93m   ~~~~[0m

Result (47 files): 
- 1 error
- 0 warnings
- 6 hints

